[2025-06-20T08:43:43.664612][news] 유효 뉴스 없음/이상치
[2025-06-20T08:44:31.329425][news] 유효 뉴스 없음/이상치
[2025-06-20T08:44:59.290267][fear_greed] 스키마 결측/불일치: 3 validation errors for FearGreedData
value
  Field required [type=missing, input_value={}, input_type=dict]
    For further information visit https://errors.pydantic.dev/2.11/v/missing
value_classification
  Field required [type=missing, input_value={}, input_type=dict]
    For further information visit https://errors.pydantic.dev/2.11/v/missing
timestamp
  Field required [type=missing, input_value={}, input_type=dict]
    For further information visit https://errors.pydantic.dev/2.11/v/missing
[2025-06-20T08:45:10.902688][orderbook] 수집 데이터 없음/이상치
[2025-06-20T08:56:58.324160][news] 유효 뉴스 없음/이상치
[2025-06-20T08:57:25.672673][fear_greed] 스키마 결측/불일치: 3 validation errors for FearGreedData
value
  Field required [type=missing, input_value={}, input_type=dict]
    For further information visit https://errors.pydantic.dev/2.11/v/missing
value_classification
  Field required [type=missing, input_value={}, input_type=dict]
    For further information visit https://errors.pydantic.dev/2.11/v/missing
timestamp
  Field required [type=missing, input_value={}, input_type=dict]
    For further information visit https://errors.pydantic.dev/2.11/v/missing
[2025-06-20T08:57:35.334399][orderbook] 수집 데이터 없음/이상치
[2025-06-20T09:01:49.448483][news] 유효 뉴스 없음/이상치
[2025-06-20T09:02:16.205010][fear_greed] 공포탐욕지수 수집 성공
[2025-06-20T09:02:25.947267][orderbook] 수집 데이터 없음/이상치
[2025-06-20T10:15:49.981005][orderbook] 수집 데이터 없음/이상치
[2025-06-20T10:17:18.855304][orderbook] 수집 데이터 없음/이상치
[2025-06-20T10:19:39.645192][orderbook] 수집 정상 | 건수: 1
[2025-06-20T10:35:21.029775][orderbook] 수집 데이터 없음/이상치
[2025-06-20T10:39:17.120992][orderbook] 수집 데이터 없음/이상치
