[2025-06-20T08:43:29.673057][news] 유효 뉴스 없음/이상치
[2025-06-20T08:44:18.581747][news] 유효 뉴스 없음/이상치
[2025-06-20T08:44:45.811807][fear_greed] 스키마 결측/불일치: 3 validation errors for FearGreedData
value
  Field required [type=missing, input_value={}, input_type=dict]
    For further information visit https://errors.pydantic.dev/2.11/v/missing
value_classification
  Field required [type=missing, input_value={}, input_type=dict]
    For further information visit https://errors.pydantic.dev/2.11/v/missing
timestamp
  Field required [type=missing, input_value={}, input_type=dict]
    For further information visit https://errors.pydantic.dev/2.11/v/missing
[2025-06-20T08:45:10.667394][orderbook] 수집 데이터 없음/이상치
[2025-06-20T08:56:45.139181][news] 유효 뉴스 없음/이상치
[2025-06-20T08:57:11.708345][fear_greed] 스키마 결측/불일치: 3 validation errors for FearGreedData
value
  Field required [type=missing, input_value={}, input_type=dict]
    For further information visit https://errors.pydantic.dev/2.11/v/missing
value_classification
  Field required [type=missing, input_value={}, input_type=dict]
    For further information visit https://errors.pydantic.dev/2.11/v/missing
timestamp
  Field required [type=missing, input_value={}, input_type=dict]
    For further information visit https://errors.pydantic.dev/2.11/v/missing
[2025-06-20T08:57:35.113404][orderbook] 수집 데이터 없음/이상치
[2025-06-20T09:01:37.008252][news] 유효 뉴스 없음/이상치
[2025-06-20T09:02:03.251501][fear_greed] 공포탐욕지수 수집 성공
[2025-06-20T09:02:25.632075][orderbook] 수집 데이터 없음/이상치
[2025-06-20T10:15:49.659284][orderbook] 수집 데이터 없음/이상치
[2025-06-20T10:17:18.535964][orderbook] 수집 데이터 없음/이상치
[2025-06-20T10:19:39.419069][orderbook] 수집 정상 | 건수: 1
[2025-06-20T10:35:20.667314][orderbook] 수집 데이터 없음/이상치
[2025-06-20T10:39:16.889611][orderbook] 수집 데이터 없음/이상치
[2025-06-21T04:26:16.370869][quality:missing] 필드 결측: chart / 데이터: {}
[2025-06-21T04:26:16.375595][chart_vision] 결측 필드/스키마 불일치, fallback 사용
[2025-06-21T04:26:41.793556][funding_rate] 스키마 결측/불일치: 3 validation errors for FundingRateData
symbol
  Field required [type=missing, input_value={}, input_type=dict]
    For further information visit https://errors.pydantic.dev/2.11/v/missing
funding_rate
  Field required [type=missing, input_value={}, input_type=dict]
    For further information visit https://errors.pydantic.dev/2.11/v/missing
timestamp
  Field required [type=missing, input_value={}, input_type=dict]
    For further information visit https://errors.pydantic.dev/2.11/v/missing
[2025-06-21T04:27:06.129535][orderbook] 수집 데이터 없음/이상치
[2025-06-21T04:43:51.007515][orderbook] 수집 데이터 없음/이상치
[2025-06-21T04:47:46.088034][orderbook] 수집 데이터 없음/이상치
