[2025-06-20T08:43:50.418272][news] 유효 뉴스 없음/이상치
[2025-06-20T08:44:38.636982][news] 유효 뉴스 없음/이상치
[2025-06-20T08:45:07.028560][fear_greed] 스키마 결측/불일치: 3 validation errors for FearGreedData
value
  Field required [type=missing, input_value={}, input_type=dict]
    For further information visit https://errors.pydantic.dev/2.11/v/missing
value_classification
  Field required [type=missing, input_value={}, input_type=dict]
    For further information visit https://errors.pydantic.dev/2.11/v/missing
timestamp
  Field required [type=missing, input_value={}, input_type=dict]
    For further information visit https://errors.pydantic.dev/2.11/v/missing
[2025-06-20T08:45:11.014995][orderbook] 수집 데이터 없음/이상치
[2025-06-20T08:57:04.518758][news] 유효 뉴스 없음/이상치
[2025-06-20T08:57:32.001989][fear_greed] 스키마 결측/불일치: 3 validation errors for FearGreedData
value
  Field required [type=missing, input_value={}, input_type=dict]
    For further information visit https://errors.pydantic.dev/2.11/v/missing
value_classification
  Field required [type=missing, input_value={}, input_type=dict]
    For further information visit https://errors.pydantic.dev/2.11/v/missing
timestamp
  Field required [type=missing, input_value={}, input_type=dict]
    For further information visit https://errors.pydantic.dev/2.11/v/missing
[2025-06-20T08:57:35.447472][orderbook] 수집 데이터 없음/이상치
[2025-06-20T09:01:55.797458][news] 유효 뉴스 없음/이상치
[2025-06-20T09:02:22.544067][fear_greed] 공포탐욕지수 수집 성공
[2025-06-20T09:02:26.060934][orderbook] 수집 데이터 없음/이상치
[2025-06-20T10:15:50.099587][orderbook] 수집 데이터 없음/이상치
[2025-06-20T10:17:18.971550][orderbook] 수집 데이터 없음/이상치
[2025-06-20T10:19:39.760813][orderbook] 수집 정상 | 건수: 1
[2025-06-20T10:35:21.152884][orderbook] 수집 데이터 없음/이상치
[2025-06-20T10:39:17.251435][orderbook] 수집 데이터 없음/이상치
