[2025-06-20T08:43:53.451117][news] 유효 뉴스 없음/이상치
[2025-06-20T08:44:41.668563][news] 유효 뉴스 없음/이상치
[2025-06-20T08:45:10.599488][fear_greed] 스키마 결측/불일치: 3 validation errors for FearGreedData
value
  Field required [type=missing, input_value={}, input_type=dict]
    For further information visit https://errors.pydantic.dev/2.11/v/missing
value_classification
  Field required [type=missing, input_value={}, input_type=dict]
    For further information visit https://errors.pydantic.dev/2.11/v/missing
timestamp
  Field required [type=missing, input_value={}, input_type=dict]
    For further information visit https://errors.pydantic.dev/2.11/v/missing
[2025-06-20T08:45:11.070531][orderbook] 수집 데이터 없음/이상치
[2025-06-20T08:57:07.587033][news] 유효 뉴스 없음/이상치
[2025-06-20T08:57:35.054184][fear_greed] 스키마 결측/불일치: 3 validation errors for FearGreedData
value
  Field required [type=missing, input_value={}, input_type=dict]
    For further information visit https://errors.pydantic.dev/2.11/v/missing
value_classification
  Field required [type=missing, input_value={}, input_type=dict]
    For further information visit https://errors.pydantic.dev/2.11/v/missing
timestamp
  Field required [type=missing, input_value={}, input_type=dict]
    For further information visit https://errors.pydantic.dev/2.11/v/missing
[2025-06-20T08:57:35.504154][orderbook] 수집 데이터 없음/이상치
[2025-06-20T09:01:58.825324][news] 유효 뉴스 없음/이상치
[2025-06-20T09:02:25.573608][fear_greed] 공포탐욕지수 수집 성공
[2025-06-20T09:02:26.114179][orderbook] 수집 데이터 없음/이상치
[2025-06-20T10:15:50.154823][orderbook] 수집 데이터 없음/이상치
[2025-06-20T10:17:19.026776][orderbook] 수집 데이터 없음/이상치
[2025-06-20T10:19:39.814024][orderbook] 수집 정상 | 건수: 1
[2025-06-20T10:35:21.211649][orderbook] 수집 데이터 없음/이상치
[2025-06-20T10:39:17.312053][orderbook] 수집 데이터 없음/이상치
[2025-06-21T04:26:37.655278][quality:missing] 필드 결측: chart / 데이터: {}
[2025-06-21T04:26:37.655865][chart_vision] 결측 필드/스키마 불일치, fallback 사용
[2025-06-21T04:27:05.952490][funding_rate] 스키마 결측/불일치: 3 validation errors for FundingRateData
symbol
  Field required [type=missing, input_value={}, input_type=dict]
    For further information visit https://errors.pydantic.dev/2.11/v/missing
funding_rate
  Field required [type=missing, input_value={}, input_type=dict]
    For further information visit https://errors.pydantic.dev/2.11/v/missing
timestamp
  Field required [type=missing, input_value={}, input_type=dict]
    For further information visit https://errors.pydantic.dev/2.11/v/missing
[2025-06-21T04:27:06.531095][orderbook] 수집 데이터 없음/이상치
[2025-06-21T04:43:51.493474][orderbook] 수집 데이터 없음/이상치
[2025-06-21T04:47:46.486631][orderbook] 수집 데이터 없음/이상치
[2025-06-21T07:42:39.034389][orderbook] 수집 데이터 없음/이상치
