[2025-06-20T08:43:33.884388][news] 유효 뉴스 없음/이상치
[2025-06-20T08:44:22.045536][news] 유효 뉴스 없음/이상치
[2025-06-20T08:44:49.654706][fear_greed] 스키마 결측/불일치: 3 validation errors for FearGreedData
value
  Field required [type=missing, input_value={}, input_type=dict]
    For further information visit https://errors.pydantic.dev/2.11/v/missing
value_classification
  Field required [type=missing, input_value={}, input_type=dict]
    For further information visit https://errors.pydantic.dev/2.11/v/missing
timestamp
  Field required [type=missing, input_value={}, input_type=dict]
    For further information visit https://errors.pydantic.dev/2.11/v/missing
[2025-06-20T08:45:10.725491][orderbook] 수집 데이터 없음/이상치
[2025-06-20T08:56:48.260270][news] 유효 뉴스 없음/이상치
[2025-06-20T08:57:15.420143][fear_greed] 스키마 결측/불일치: 3 validation errors for FearGreedData
value
  Field required [type=missing, input_value={}, input_type=dict]
    For further information visit https://errors.pydantic.dev/2.11/v/missing
value_classification
  Field required [type=missing, input_value={}, input_type=dict]
    For further information visit https://errors.pydantic.dev/2.11/v/missing
timestamp
  Field required [type=missing, input_value={}, input_type=dict]
    For further information visit https://errors.pydantic.dev/2.11/v/missing
[2025-06-20T08:57:35.168297][orderbook] 수집 데이터 없음/이상치
[2025-06-20T09:01:40.035976][news] 유효 뉴스 없음/이상치
[2025-06-20T09:02:06.280892][fear_greed] 공포탐욕지수 수집 성공
[2025-06-20T09:02:25.774604][orderbook] 수집 데이터 없음/이상치
[2025-06-20T10:15:49.802164][orderbook] 수집 데이터 없음/이상치
[2025-06-20T10:17:18.683204][orderbook] 수집 데이터 없음/이상치
[2025-06-20T10:19:39.477859][orderbook] 수집 정상 | 건수: 1
[2025-06-20T10:35:20.817101][orderbook] 수집 데이터 없음/이상치
[2025-06-20T10:39:16.947590][orderbook] 수집 데이터 없음/이상치
[2025-06-21T04:26:19.469968][quality:missing] 필드 결측: chart / 데이터: {}
[2025-06-21T04:26:19.470614][chart_vision] 결측 필드/스키마 불일치, fallback 사용
[2025-06-21T04:26:46.197688][funding_rate] 스키마 결측/불일치: 3 validation errors for FundingRateData
symbol
  Field required [type=missing, input_value={}, input_type=dict]
    For further information visit https://errors.pydantic.dev/2.11/v/missing
funding_rate
  Field required [type=missing, input_value={}, input_type=dict]
    For further information visit https://errors.pydantic.dev/2.11/v/missing
timestamp
  Field required [type=missing, input_value={}, input_type=dict]
    For further information visit https://errors.pydantic.dev/2.11/v/missing
[2025-06-21T04:27:06.185297][orderbook] 수집 데이터 없음/이상치
[2025-06-21T04:43:51.072064][orderbook] 수집 데이터 없음/이상치
[2025-06-21T04:47:46.147163][orderbook] 수집 데이터 없음/이상치
