[2025-06-20T08:43:37.182337][news] 유효 뉴스 없음/이상치
[2025-06-20T08:44:25.111185][news] 유효 뉴스 없음/이상치
[2025-06-20T08:44:52.689738][fear_greed] 스키마 결측/불일치: 3 validation errors for FearGreedData
value
  Field required [type=missing, input_value={}, input_type=dict]
    For further information visit https://errors.pydantic.dev/2.11/v/missing
value_classification
  Field required [type=missing, input_value={}, input_type=dict]
    For further information visit https://errors.pydantic.dev/2.11/v/missing
timestamp
  Field required [type=missing, input_value={}, input_type=dict]
    For further information visit https://errors.pydantic.dev/2.11/v/missing
[2025-06-20T08:45:10.782954][orderbook] 수집 데이터 없음/이상치
[2025-06-20T08:56:51.419735][news] 유효 뉴스 없음/이상치
[2025-06-20T08:57:18.473033][fear_greed] 스키마 결측/불일치: 3 validation errors for FearGreedData
value
  Field required [type=missing, input_value={}, input_type=dict]
    For further information visit https://errors.pydantic.dev/2.11/v/missing
value_classification
  Field required [type=missing, input_value={}, input_type=dict]
    For further information visit https://errors.pydantic.dev/2.11/v/missing
timestamp
  Field required [type=missing, input_value={}, input_type=dict]
    For further information visit https://errors.pydantic.dev/2.11/v/missing
[2025-06-20T08:57:35.223666][orderbook] 수집 데이터 없음/이상치
[2025-06-20T09:01:43.065269][news] 유효 뉴스 없음/이상치
[2025-06-20T09:02:09.610724][fear_greed] 공포탐욕지수 수집 성공
[2025-06-20T09:02:25.832861][orderbook] 수집 데이터 없음/이상치
[2025-06-20T10:15:49.866934][orderbook] 수집 데이터 없음/이상치
[2025-06-20T10:17:18.743134][orderbook] 수집 데이터 없음/이상치
[2025-06-20T10:19:39.533487][orderbook] 수집 정상 | 건수: 1
[2025-06-20T10:35:20.874053][orderbook] 수집 데이터 없음/이상치
[2025-06-20T10:39:17.005352][orderbook] 수집 데이터 없음/이상치
[2025-06-21T04:26:22.479756][quality:missing] 필드 결측: chart / 데이터: {}
[2025-06-21T04:26:22.480375][chart_vision] 결측 필드/스키마 불일치, fallback 사용
[2025-06-21T04:26:50.057359][funding_rate] 스키마 결측/불일치: 3 validation errors for FundingRateData
symbol
  Field required [type=missing, input_value={}, input_type=dict]
    For further information visit https://errors.pydantic.dev/2.11/v/missing
funding_rate
  Field required [type=missing, input_value={}, input_type=dict]
    For further information visit https://errors.pydantic.dev/2.11/v/missing
timestamp
  Field required [type=missing, input_value={}, input_type=dict]
    For further information visit https://errors.pydantic.dev/2.11/v/missing
[2025-06-21T04:27:06.241042][orderbook] 수집 데이터 없음/이상치
[2025-06-21T04:43:51.132722][orderbook] 수집 데이터 없음/이상치
[2025-06-21T04:47:46.204574][orderbook] 수집 데이터 없음/이상치
